TN:
SF:src\components\ErrorBoundary.tsx
FN:16,getDerivedStateFromError
FN:20,componentDidCatch
FN:24,render
FN:38,(anonymous_3)
FNF:4
FNH:4
FNDA:7,getDerivedStateFromError
FNDA:3,componentDidCatch
FNDA:14,render
FNDA:1,(anonymous_3)
DA:14,7
DA:17,6
DA:21,3
DA:25,14
DA:26,6
DA:38,1
DA:46,8
LF:7
LH:7
BRDA:25,0,0,6
BRDA:25,0,1,8
BRDA:33,1,0,6
BRDA:33,1,1,4
BRF:4
BRH:4
end_of_record
TN:
SF:src\components\AuroraCopilot\ActionCard.tsx
FN:18,ActionCard
FN:38,(anonymous_1)
FNF:2
FNH:2
FNDA:11,ActionCard
FNDA:3,(anonymous_1)
DA:8,2
DA:19,11
DA:38,3
LF:3
LH:3
BRDA:27,0,0,11
BRDA:27,0,1,0
BRDA:31,1,0,11
BRDA:31,1,1,9
BRF:4
BRH:3
end_of_record
TN:
SF:src\components\AuroraCopilot\AuroraCopilot.tsx
FN:18,ChatRow
FN:33,(anonymous_1)
FN:44,AuroraCopilot
FN:60,(anonymous_3)
FN:65,(anonymous_4)
FN:71,(anonymous_5)
FN:78,(anonymous_6)
FN:123,(anonymous_7)
FN:174,(anonymous_8)
FN:175,(anonymous_9)
FN:190,(anonymous_10)
FNF:11
FNH:11
FNDA:18,ChatRow
FNDA:2,(anonymous_1)
FNDA:113,AuroraCopilot
FNDA:342,(anonymous_3)
FNDA:22,(anonymous_4)
FNDA:6,(anonymous_5)
FNDA:2,(anonymous_6)
FNDA:1,(anonymous_7)
FNDA:84,(anonymous_8)
FNDA:89,(anonymous_9)
FNDA:1,(anonymous_10)
DA:19,18
DA:20,18
DA:22,18
DA:34,2
DA:45,113
DA:46,113
DA:59,113
DA:60,342
DA:62,113
DA:63,113
DA:65,113
DA:66,22
DA:67,12
DA:71,113
DA:72,6
DA:73,6
DA:74,5
DA:75,5
DA:78,113
DA:80,2
DA:81,2
DA:82,1
DA:84,2
DA:85,2
DA:90,113
DA:92,113
DA:124,1
DA:125,1
DA:174,84
DA:176,89
DA:177,5
DA:178,5
DA:190,1
LF:33
LH:33
BRDA:20,0,0,0
BRDA:20,0,1,18
BRDA:24,1,0,13
BRDA:24,1,1,5
BRDA:27,2,0,13
BRDA:27,2,1,5
BRDA:66,3,0,12
BRDA:66,3,1,10
BRDA:73,4,0,1
BRDA:73,4,1,5
BRDA:73,5,0,6
BRDA:73,5,1,5
BRDA:81,6,0,1
BRDA:81,6,1,1
BRDA:81,7,0,2
BRDA:81,7,1,2
BRDA:84,8,0,2
BRDA:84,8,1,1
BRDA:94,9,0,113
BRDA:94,9,1,5
BRDA:105,10,0,113
BRDA:105,10,1,108
BRDA:127,11,0,108
BRDA:127,11,1,94
BRDA:143,12,0,108
BRDA:143,12,1,94
BRDA:143,12,2,94
BRDA:146,13,0,108
BRDA:146,13,1,14
BRDA:156,14,0,108
BRDA:156,14,1,5
BRDA:159,15,0,108
BRDA:159,15,1,1
BRDA:176,16,0,5
BRDA:176,16,1,84
BRDA:176,17,0,89
BRDA:176,17,1,5
BRDA:185,18,0,5
BRDA:185,18,1,103
BRDA:195,19,0,108
BRDA:195,19,1,4
BRF:41
BRH:40
end_of_record
TN:
SF:src\lib\api.ts
FN:6,(anonymous_0)
FN:7,(anonymous_1)
FN:9,(anonymous_2)
FN:13,(anonymous_3)
FN:17,(anonymous_4)
FN:30,(anonymous_5)
FN:42,(anonymous_6)
FN:46,refreshAccessToken
FN:64,(anonymous_8)
FN:66,(anonymous_9)
FN:73,(anonymous_10)
FNF:11
FNH:11
FNDA:220,(anonymous_0)
FNDA:13,(anonymous_1)
FNDA:13,(anonymous_2)
FNDA:11,(anonymous_3)
FNDA:6,(anonymous_4)
FNDA:200,(anonymous_5)
FNDA:35,(anonymous_6)
FNDA:8,refreshAccessToken
FNDA:121,(anonymous_8)
FNDA:79,(anonymous_9)
FNDA:8,(anonymous_10)
DA:3,10
DA:4,10
DA:6,220
DA:7,13
DA:9,10
DA:10,13
DA:13,10
DA:14,11
DA:17,10
DA:18,6
DA:19,6
DA:22,10
DA:30,10
DA:31,200
DA:32,200
DA:33,41
DA:35,200
DA:39,10
DA:40,10
DA:42,10
DA:43,35
DA:47,8
DA:48,8
DA:50,5
DA:51,5
DA:56,3
DA:57,3
DA:58,3
DA:60,2
DA:64,10
DA:65,121
DA:67,79
DA:69,79
DA:70,9
DA:72,9
DA:73,8
DA:74,8
DA:78,9
DA:79,9
DA:80,4
DA:81,4
DA:84,5
DA:85,5
DA:88,75
DA:89,4
DA:92,75
LF:46
LH:46
BRDA:23,0,0,10
BRDA:23,0,1,0
BRDA:32,1,0,41
BRDA:32,1,1,159
BRDA:48,2,0,3
BRDA:48,2,1,5
BRDA:52,3,0,5
BRDA:52,3,1,0
BRDA:69,4,0,9
BRDA:69,4,1,70
BRDA:69,5,0,79
BRDA:69,5,1,10
BRDA:69,5,2,10
BRDA:72,6,0,8
BRDA:72,6,1,1
BRDA:79,7,0,4
BRDA:79,7,1,5
BRDA:88,8,0,4
BRDA:88,8,1,71
BRF:19
BRH:17
end_of_record
TN:
SF:src\lib\financialFormat.ts
FN:11,formatVPN
FN:16,formatTIR
FN:25,tooltipFormatter
FNF:3
FNH:3
FNDA:13,formatVPN
FNDA:13,formatTIR
FNDA:4,tooltipFormatter
DA:1,1
DA:8,1
DA:9,1
DA:12,13
DA:17,13
DA:18,8
DA:26,4
DA:27,4
LF:8
LH:8
BRDA:17,0,0,5
BRDA:17,0,1,8
BRDA:17,1,0,13
BRDA:17,1,1,9
BRDA:26,2,0,2
BRDA:26,2,1,2
BRDA:26,3,0,2
BRDA:26,3,1,1
BRDA:27,4,0,1
BRDA:27,4,1,3
BRF:10
BRH:10
end_of_record
TN:
SF:src\lib\roles.ts
FN:17,normalizeRole
FN:22,isSuperAdmin
FN:30,homeForUser
FN:45,homeForRole
FN:49,roleIsAllowed
FN:55,(anonymous_5)
FNF:6
FNH:6
FNDA:49,normalizeRole
FNDA:9,isSuperAdmin
FNDA:8,homeForUser
FNDA:3,homeForRole
FNDA:7,roleIsAllowed
FNDA:5,(anonymous_5)
DA:2,3
DA:18,49
DA:19,38
DA:23,9
DA:31,8
DA:33,8
DA:34,2
DA:37,6
DA:38,2
DA:41,4
DA:46,3
DA:53,7
DA:54,7
DA:55,5
LF:14
LH:14
BRDA:18,0,0,11
BRDA:18,0,1,38
BRDA:33,1,0,2
BRDA:33,1,1,6
BRDA:37,2,0,2
BRDA:37,2,1,4
BRDA:46,3,0,3
BRDA:46,3,1,1
BRDA:54,4,0,3
BRDA:54,4,1,4
BRF:10
BRH:10
end_of_record
TN:
SF:src\pages\tenant\ProjectsDashboard.tsx
FN:24,formatDate
FN:36,statusProgress
FN:48,ProjectsDashboard
FN:51,(anonymous_3)
FN:52,(anonymous_4)
FN:53,(anonymous_5)
FN:54,(anonymous_6)
FN:55,(anonymous_7)
FN:56,(anonymous_8)
FN:57,(anonymous_9)
FN:61,(anonymous_10)
FN:66,(anonymous_11)
FN:67,(anonymous_12)
FN:68,(anonymous_13)
FN:82,(anonymous_14)
FN:83,(anonymous_15)
FN:86,(anonymous_16)
FN:87,(anonymous_17)
FN:104,(anonymous_18)
FN:129,(anonymous_19)
FN:175,(anonymous_20)
FN:176,(anonymous_21)
FN:206,(anonymous_22)
FN:218,(anonymous_23)
FN:229,(anonymous_24)
FN:286,(anonymous_25)
FN:294,(anonymous_26)
FNF:27
FNH:27
FNDA:24,formatDate
FNDA:24,statusProgress
FNDA:61,ProjectsDashboard
FNDA:227,(anonymous_3)
FNDA:227,(anonymous_4)
FNDA:227,(anonymous_5)
FNDA:227,(anonymous_6)
FNDA:227,(anonymous_7)
FNDA:227,(anonymous_8)
FNDA:227,(anonymous_9)
FNDA:14,(anonymous_10)
FNDA:41,(anonymous_11)
FNDA:6,(anonymous_12)
FNDA:6,(anonymous_13)
FNDA:27,(anonymous_14)
FNDA:11,(anonymous_15)
FNDA:11,(anonymous_16)
FNDA:11,(anonymous_17)
FNDA:1,(anonymous_18)
FNDA:183,(anonymous_19)
FNDA:6,(anonymous_20)
FNDA:6,(anonymous_21)
FNDA:48,(anonymous_22)
FNDA:1,(anonymous_23)
FNDA:24,(anonymous_24)
FNDA:1,(anonymous_25)
FNDA:1,(anonymous_26)
DA:25,24
DA:26,24
DA:32,0
DA:37,24
DA:45,24
DA:49,61
DA:50,61
DA:51,227
DA:52,227
DA:53,227
DA:54,227
DA:55,227
DA:56,227
DA:57,227
DA:59,61
DA:61,61
DA:62,14
DA:63,14
DA:66,61
DA:67,41
DA:68,6
DA:69,6
DA:74,6
DA:82,61
DA:83,27
DA:84,11
DA:86,27
DA:87,27
DA:88,27
DA:91,61
DA:104,1
DA:130,183
DA:176,6
DA:177,6
DA:207,48
DA:218,1
DA:230,24
DA:231,24
DA:286,1
DA:294,1
LF:40
LH:39
BRDA:45,0,0,24
BRDA:45,0,1,2
BRDA:69,1,0,5
BRDA:69,1,1,1
BRDA:70,2,0,5
BRDA:70,2,1,0
BRDA:77,3,0,4
BRDA:77,3,1,2
BRDA:96,4,0,57
BRDA:96,4,1,4
BRDA:112,5,0,61
BRDA:112,5,1,1
BRDA:145,6,0,61
BRDA:145,6,1,6
BRDA:182,7,0,6
BRDA:182,7,1,1
BRDA:186,8,0,5
BRDA:186,8,1,1
BRDA:204,9,0,61
BRDA:204,9,1,16
BRDA:204,9,2,16
BRDA:212,10,0,61
BRDA:212,10,1,45
BRDA:212,10,2,25
BRDA:227,11,0,61
BRDA:227,11,1,20
BRDA:247,12,0,22
BRDA:247,12,1,2
BRF:28
BRH:27
end_of_record
TN:
SF:src\store\aiKnowledgeStore.ts
FN:51,extractError
FN:59,(anonymous_1)
FN:66,(anonymous_2)
FN:68,(anonymous_3)
FN:76,(anonymous_4)
FN:87,(anonymous_5)
FNF:6
FNH:6
FNDA:6,extractError
FNDA:2,(anonymous_1)
FNDA:1,(anonymous_2)
FNDA:7,(anonymous_3)
FNDA:9,(anonymous_4)
FNDA:4,(anonymous_5)
DA:52,6
DA:53,4
DA:55,2
DA:56,1
DA:59,2
DA:66,1
DA:69,7
DA:70,7
DA:77,9
DA:78,9
DA:79,9
DA:80,5
DA:81,5
DA:83,4
DA:88,4
DA:89,4
DA:90,4
DA:91,4
DA:92,4
DA:96,2
DA:97,2
DA:98,2
DA:100,2
DA:101,2
DA:102,2
DA:108,2
DA:119,2
DA:130,2
LF:28
LH:28
BRDA:52,0,0,4
BRDA:52,0,1,2
BRDA:53,1,0,4
BRDA:53,1,1,2
BRDA:55,2,0,1
BRDA:55,2,1,1
BRF:6
BRH:6
end_of_record
TN:
SF:src\store\aiStore.ts
FN:46,extractError
FN:54,(anonymous_1)
FN:60,(anonymous_2)
FN:61,(anonymous_3)
FN:63,(anonymous_4)
FN:72,(anonymous_5)
FN:73,(anonymous_6)
FN:89,(anonymous_7)
FN:116,(anonymous_8)
FN:132,(anonymous_9)
FNF:10
FNH:10
FNDA:5,extractError
FNDA:2,(anonymous_1)
FNDA:1,(anonymous_2)
FNDA:1,(anonymous_3)
FNDA:6,(anonymous_4)
FNDA:3,(anonymous_5)
FNDA:2,(anonymous_6)
FNDA:6,(anonymous_7)
FNDA:2,(anonymous_8)
FNDA:4,(anonymous_9)
DA:47,5
DA:48,4
DA:49,4
DA:51,1
DA:54,2
DA:60,1
DA:61,1
DA:64,6
DA:65,6
DA:66,6
DA:71,3
DA:72,3
DA:73,2
DA:80,6
DA:82,3
DA:90,6
DA:91,6
DA:93,5
DA:94,5
DA:101,5
DA:108,5
DA:109,5
DA:114,2
DA:116,2
DA:131,3
DA:132,4
DA:136,3
DA:137,1
DA:142,1
DA:145,2
DA:148,2
LF:31
LH:31
BRDA:47,0,0,4
BRDA:47,0,1,1
BRDA:49,1,0,4
BRDA:49,1,1,1
BRDA:71,2,0,3
BRDA:71,2,1,1
BRDA:72,3,0,3
BRDA:72,3,1,2
BRDA:91,4,0,1
BRDA:91,4,1,5
BRDA:136,5,0,1
BRDA:136,5,1,2
BRDA:136,6,0,3
BRDA:136,6,1,3
BRF:14
BRH:14
end_of_record
TN:
SF:src\store\auroraCopilotStore.ts
FN:47,extractError
FN:57,(anonymous_1)
FN:65,(anonymous_2)
FN:65,(anonymous_3)
FN:66,(anonymous_4)
FN:67,(anonymous_5)
FN:69,(anonymous_6)
FN:71,(anonymous_7)
FN:85,(anonymous_8)
FN:93,(anonymous_9)
FN:129,(anonymous_10)
FN:158,useCopilotSearchSync
FN:162,(anonymous_12)
FN:163,(anonymous_13)
FN:165,(anonymous_14)
FNF:15
FNH:15
FNDA:8,extractError
FNDA:3,(anonymous_1)
FNDA:3,(anonymous_2)
FNDA:3,(anonymous_3)
FNDA:1,(anonymous_4)
FNDA:4,(anonymous_5)
FNDA:2,(anonymous_6)
FNDA:6,(anonymous_7)
FNDA:3,(anonymous_8)
FNDA:24,(anonymous_9)
FNDA:2,(anonymous_10)
FNDA:5,useCopilotSearchSync
FNDA:16,(anonymous_12)
FNDA:16,(anonymous_13)
FNDA:5,(anonymous_14)
DA:48,8
DA:49,7
DA:50,0
DA:52,7
DA:54,1
DA:57,3
DA:65,3
DA:66,1
DA:67,4
DA:69,2
DA:72,6
DA:73,6
DA:74,1
DA:76,6
DA:86,3
DA:87,3
DA:88,2
DA:90,3
DA:94,24
DA:95,24
DA:97,23
DA:99,24
DA:100,24
DA:106,24
DA:113,24
DA:114,24
DA:115,24
DA:125,11
DA:129,2
DA:137,24
DA:144,12
DA:145,4
DA:146,4
DA:148,8
DA:162,16
DA:163,16
DA:165,5
DA:166,5
DA:167,1
DA:168,1
DA:173,3
LF:41
LH:40
BRDA:48,0,0,7
BRDA:48,0,1,1
BRDA:49,1,0,0
BRDA:49,1,1,7
BRDA:52,2,0,7
BRDA:52,2,1,2
BRDA:73,3,0,1
BRDA:73,3,1,5
BRDA:87,4,0,2
BRDA:87,4,1,1
BRDA:95,5,0,1
BRDA:95,5,1,23
BRDA:120,6,0,1
BRDA:120,6,1,22
BRDA:126,7,0,11
BRDA:126,7,1,1
BRDA:129,8,0,24
BRDA:129,8,1,1
BRDA:144,9,0,4
BRDA:144,9,1,8
BRDA:144,10,0,12
BRDA:144,10,1,11
BRDA:166,11,0,1
BRDA:166,11,1,4
BRDA:166,12,0,5
BRDA:166,12,1,2
BRF:26
BRH:25
end_of_record
TN:
SF:src\store\catalogStore.ts
FN:352,extractError
FN:360,parseSectorsPayload
FN:375,mapApiProductToMga
FN:408,mapMgaProductToApi
FN:437,(anonymous_4)
FN:464,(anonymous_5)
FN:465,(anonymous_6)
FN:467,(anonymous_7)
FN:468,(anonymous_8)
FN:469,(anonymous_9)
FN:470,(anonymous_10)
FN:471,(anonymous_11)
FN:472,(anonymous_12)
FN:473,(anonymous_13)
FN:474,(anonymous_14)
FN:476,(anonymous_15)
FN:502,(anonymous_16)
FN:516,(anonymous_17)
FN:529,(anonymous_18)
FN:549,(anonymous_19)
FN:574,(anonymous_20)
FN:592,(anonymous_21)
FN:605,(anonymous_22)
FN:630,(anonymous_23)
FN:642,(anonymous_24)
FN:654,(anonymous_25)
FN:662,(anonymous_26)
FN:676,(anonymous_27)
FN:692,(anonymous_28)
FN:717,(anonymous_29)
FN:731,(anonymous_30)
FN:756,(anonymous_31)
FN:770,(anonymous_32)
FN:795,(anonymous_33)
FN:809,(anonymous_34)
FN:834,(anonymous_35)
FNF:36
FNH:36
FNDA:30,extractError
FNDA:5,parseSectorsPayload
FNDA:6,mapApiProductToMga
FNDA:4,mapMgaProductToApi
FNDA:4,(anonymous_4)
FNDA:1,(anonymous_5)
FNDA:18,(anonymous_6)
FNDA:4,(anonymous_7)
FNDA:4,(anonymous_8)
FNDA:1,(anonymous_9)
FNDA:1,(anonymous_10)
FNDA:1,(anonymous_11)
FNDA:1,(anonymous_12)
FNDA:1,(anonymous_13)
FNDA:1,(anonymous_14)
FNDA:8,(anonymous_15)
FNDA:2,(anonymous_16)
FNDA:3,(anonymous_17)
FNDA:4,(anonymous_18)
FNDA:3,(anonymous_19)
FNDA:2,(anonymous_20)
FNDA:3,(anonymous_21)
FNDA:2,(anonymous_22)
FNDA:2,(anonymous_23)
FNDA:2,(anonymous_24)
FNDA:2,(anonymous_25)
FNDA:3,(anonymous_26)
FNDA:2,(anonymous_27)
FNDA:3,(anonymous_28)
FNDA:3,(anonymous_29)
FNDA:3,(anonymous_30)
FNDA:3,(anonymous_31)
FNDA:3,(anonymous_32)
FNDA:3,(anonymous_33)
FNDA:3,(anonymous_34)
FNDA:3,(anonymous_35)
DA:353,30
DA:354,29
DA:355,29
DA:357,1
DA:364,5
DA:365,1
DA:367,4
DA:368,3
DA:369,3
DA:371,1
DA:376,6
DA:409,4
DA:437,4
DA:464,1
DA:466,18
DA:468,4
DA:469,1
DA:470,1
DA:471,1
DA:472,1
DA:473,1
DA:474,1
DA:477,8
DA:478,8
DA:479,8
DA:486,5
DA:487,5
DA:493,3
DA:503,2
DA:504,2
DA:510,1
DA:512,1
DA:517,3
DA:518,3
DA:519,3
DA:520,3
DA:523,1
DA:525,2
DA:530,4
DA:531,1
DA:532,1
DA:534,3
DA:535,3
DA:536,3
DA:539,2
DA:541,1
DA:550,3
DA:551,3
DA:552,3
DA:559,2
DA:565,1
DA:575,2
DA:576,2
DA:586,1
DA:588,1
DA:593,3
DA:594,3
DA:595,3
DA:596,3
DA:599,1
DA:601,2
DA:606,2
DA:607,2
DA:608,2
DA:615,1
DA:621,1
DA:631,2
DA:632,2
DA:636,1
DA:638,1
DA:643,2
DA:644,2
DA:648,1
DA:650,1
DA:655,2
DA:656,2
DA:658,1
DA:663,3
DA:664,3
DA:665,3
DA:666,3
DA:670,1
DA:672,2
DA:677,2
DA:678,2
DA:679,2
DA:682,1
DA:684,1
DA:693,3
DA:694,3
DA:695,3
DA:702,2
DA:708,1
DA:718,3
DA:719,3
DA:720,3
DA:721,3
DA:725,1
DA:727,2
DA:732,3
DA:733,3
DA:734,3
DA:741,2
DA:747,1
DA:757,3
DA:758,3
DA:759,3
DA:760,3
DA:764,1
DA:766,2
DA:771,3
DA:772,3
DA:773,3
DA:780,2
DA:786,1
DA:796,3
DA:797,3
DA:798,3
DA:799,3
DA:803,1
DA:805,2
DA:810,3
DA:811,3
DA:812,3
DA:819,2
DA:825,1
DA:835,3
DA:836,3
DA:837,3
DA:838,3
DA:842,1
DA:844,2
LF:132
LH:132
BRDA:353,0,0,29
BRDA:353,0,1,1
BRDA:355,1,0,29
BRDA:355,1,1,12
BRDA:364,2,0,1
BRDA:364,2,1,4
BRDA:367,3,0,3
BRDA:367,3,1,1
BRDA:367,4,0,4
BRDA:367,4,1,4
BRDA:367,4,2,4
BRDA:369,5,0,3
BRDA:369,5,1,0
BRDA:379,6,0,6
BRDA:379,6,1,1
BRDA:380,7,0,6
BRDA:380,7,1,1
BRDA:381,8,0,6
BRDA:381,8,1,1
BRDA:382,9,0,6
BRDA:382,9,1,1
BRDA:383,10,0,6
BRDA:383,10,1,1
BRDA:384,11,0,6
BRDA:384,11,1,1
BRDA:385,12,0,6
BRDA:385,12,1,1
BRDA:386,13,0,6
BRDA:386,13,1,1
BRDA:387,14,0,6
BRDA:387,14,1,1
BRDA:388,15,0,6
BRDA:388,15,1,1
BRDA:389,16,0,6
BRDA:389,16,1,1
BRDA:393,17,0,6
BRDA:393,17,1,1
BRDA:394,18,0,6
BRDA:394,18,1,1
BRDA:395,19,0,6
BRDA:395,19,1,1
BRDA:402,20,0,6
BRDA:402,20,1,1
BRDA:468,21,0,2
BRDA:468,21,1,2
BRDA:481,22,0,8
BRDA:481,22,1,7
BRDA:482,23,0,8
BRDA:482,23,1,7
BRDA:483,24,0,8
BRDA:483,24,1,7
BRDA:507,25,0,2
BRDA:507,25,1,2
BRDA:508,26,0,2
BRDA:508,26,1,2
BRDA:530,27,0,1
BRDA:530,27,1,3
BRDA:539,28,0,1
BRDA:539,28,1,1
BRDA:554,29,0,3
BRDA:554,29,1,2
BRDA:555,30,0,3
BRDA:555,30,1,3
BRDA:556,31,0,3
BRDA:556,31,1,3
BRDA:560,32,0,2
BRDA:560,32,1,1
BRDA:561,33,0,3
BRDA:561,33,1,1
BRDA:578,34,0,2
BRDA:578,34,1,2
BRDA:581,35,0,2
BRDA:581,35,1,2
BRDA:584,36,0,2
BRDA:584,36,1,2
BRDA:610,37,0,2
BRDA:610,37,1,1
BRDA:611,38,0,2
BRDA:611,38,1,1
BRDA:612,39,0,2
BRDA:612,39,1,1
BRDA:616,40,0,1
BRDA:616,40,1,0
BRDA:617,41,0,2
BRDA:617,41,1,0
BRDA:682,42,0,1
BRDA:682,42,1,0
BRDA:697,43,0,3
BRDA:697,43,1,3
BRDA:698,44,0,3
BRDA:698,44,1,3
BRDA:699,45,0,3
BRDA:699,45,1,3
BRDA:703,46,0,2
BRDA:703,46,1,1
BRDA:704,47,0,3
BRDA:704,47,1,1
BRDA:736,48,0,3
BRDA:736,48,1,3
BRDA:737,49,0,3
BRDA:737,49,1,3
BRDA:738,50,0,3
BRDA:738,50,1,3
BRDA:742,51,0,2
BRDA:742,51,1,1
BRDA:743,52,0,3
BRDA:743,52,1,1
BRDA:775,53,0,3
BRDA:775,53,1,3
BRDA:776,54,0,3
BRDA:776,54,1,3
BRDA:777,55,0,3
BRDA:777,55,1,3
BRDA:781,56,0,2
BRDA:781,56,1,1
BRDA:782,57,0,3
BRDA:782,57,1,1
BRDA:814,58,0,3
BRDA:814,58,1,3
BRDA:815,59,0,3
BRDA:815,59,1,3
BRDA:816,60,0,3
BRDA:816,60,1,3
BRDA:820,61,0,2
BRDA:820,61,1,1
BRDA:821,62,0,3
BRDA:821,62,1,1
BRF:127
BRH:123
end_of_record
TN:
SF:src\store\projectStore.ts
FN:99,extractError
FN:107,(anonymous_1)
FN:116,(anonymous_2)
FN:117,(anonymous_3)
FN:119,(anonymous_4)
FN:134,(anonymous_5)
FN:149,(anonymous_6)
FN:162,(anonymous_7)
FN:175,(anonymous_8)
FN:182,(anonymous_9)
FN:184,(anonymous_10)
FN:195,(anonymous_11)
FN:209,(anonymous_12)
FN:230,(anonymous_13)
FN:234,(anonymous_14)
FN:242,(anonymous_15)
FN:253,(anonymous_16)
FNF:17
FNH:17
FNDA:12,extractError
FNDA:3,(anonymous_1)
FNDA:2,(anonymous_2)
FNDA:1,(anonymous_3)
FNDA:20,(anonymous_4)
FNDA:3,(anonymous_5)
FNDA:2,(anonymous_6)
FNDA:2,(anonymous_7)
FNDA:3,(anonymous_8)
FNDA:2,(anonymous_9)
FNDA:2,(anonymous_10)
FNDA:3,(anonymous_11)
FNDA:3,(anonymous_12)
FNDA:2,(anonymous_13)
FNDA:2,(anonymous_14)
FNDA:20,(anonymous_15)
FNDA:3,(anonymous_16)
DA:100,12
DA:101,11
DA:102,11
DA:104,1
DA:107,3
DA:116,2
DA:117,1
DA:120,20
DA:121,20
DA:122,20
DA:125,16
DA:127,4
DA:135,3
DA:136,3
DA:137,3
DA:141,3
DA:142,1
DA:144,3
DA:145,1
DA:148,3
DA:149,2
DA:154,2
DA:156,1
DA:157,1
DA:158,1
DA:163,2
DA:164,2
DA:165,2
DA:166,1
DA:167,1
DA:169,1
DA:170,1
DA:171,1
DA:176,3
DA:177,3
DA:178,3
DA:182,2
DA:184,2
DA:187,2
DA:189,1
DA:190,1
DA:191,1
DA:196,3
DA:197,3
DA:198,3
DA:199,2
DA:201,1
DA:210,3
DA:211,3
DA:212,3
DA:216,3
DA:217,1
DA:220,3
DA:221,2
DA:222,2
DA:224,1
DA:225,1
DA:226,1
DA:231,2
DA:232,2
DA:233,2
DA:234,2
DA:236,1
DA:237,1
DA:238,1
DA:243,20
DA:244,20
DA:247,19
DA:249,1
DA:254,3
DA:255,3
DA:256,3
DA:260,2
DA:261,3
DA:262,2
DA:263,2
DA:265,1
DA:266,1
DA:267,1
LF:79
LH:79
BRDA:100,0,0,11
BRDA:100,0,1,1
BRDA:102,1,0,11
BRDA:102,1,1,1
BRDA:125,2,0,16
BRDA:125,2,1,1
BRDA:141,3,0,1
BRDA:141,3,1,2
BRDA:144,4,0,1
BRDA:144,4,1,2
BRDA:184,5,0,1
BRDA:184,5,1,1
BRDA:199,6,0,1
BRDA:199,6,1,1
BRDA:216,7,0,1
BRDA:216,7,1,2
BRDA:242,8,0,20
BRDA:247,9,0,19
BRDA:247,9,1,1
BRDA:260,10,0,2
BRDA:260,10,1,1
BRF:21
BRH:21
end_of_record
TN:
SF:src\store\tenantStore.ts
FN:44,extractError
FN:52,(anonymous_1)
FN:57,(anonymous_2)
FN:59,(anonymous_3)
FN:74,(anonymous_4)
FN:99,(anonymous_5)
FN:107,(anonymous_6)
FNF:7
FNH:7
FNDA:5,extractError
FNDA:2,(anonymous_1)
FNDA:1,(anonymous_2)
FNDA:6,(anonymous_3)
FNDA:3,(anonymous_4)
FNDA:3,(anonymous_5)
FNDA:4,(anonymous_6)
DA:45,5
DA:46,4
DA:47,4
DA:49,1
DA:52,2
DA:57,1
DA:60,6
DA:61,6
DA:62,6
DA:65,3
DA:67,3
DA:75,3
DA:76,3
DA:77,3
DA:82,3
DA:83,1
DA:86,3
DA:87,2
DA:91,2
DA:93,1
DA:94,1
DA:95,1
DA:100,3
DA:101,3
DA:102,3
DA:103,3
DA:106,2
DA:107,4
DA:110,1
DA:111,1
DA:112,1
LF:31
LH:31
BRDA:45,0,0,4
BRDA:45,0,1,1
BRDA:47,1,0,4
BRDA:47,1,1,1
BRDA:65,2,0,3
BRDA:65,2,1,1
BRDA:82,3,0,1
BRDA:82,3,1,2
BRDA:100,4,0,2
BRDA:100,4,1,1
BRDA:107,5,0,2
BRDA:107,5,1,2
BRF:12
BRH:12
end_of_record
